<?xml version="1.0" encoding="UTF-8"?>
<!-- Generated by org.testng.reporters.JUnitReportReporter -->
<testsuite skipped="0" hostname="DSHYD_LAP_044" name="com.testingxpertsdemo.cucumberud.RunCucumberTest" tests="1" failures="0" timestamp="2022-01-06T13:03:21 IST" time="60.621" errors="0">
  <testcase name="runScenario" time="60.621" classname="com.testingxpertsdemo.cucumberud.RunCucumberTest"/>
  <system-out/>
</testsuite> <!-- com.testingxpertsdemo.cucumberud.RunCucumberTest -->
